*****************PrerTrained Network Testing******************

Size of training dataset 2577
Size of Validation dataset 287
Size of testing dataset 704
No. of Epochs: 100
 Batch size: 10
 Learning_rate : 0.01
 Image size 512*512
 Step 258
Epoch: [1][0/258]	Time 5.141 (5.141)	Loss 1.4140 (1.4140)	Accuracy 0.3000 (0.3000)	
Epoch: [1][1/258]	Time 5.037 (5.089)	Loss 0.8801 (1.1471)	Accuracy 0.6000 (0.4500)	
Epoch: [1][2/258]	Time 5.228 (5.135)	Loss 5.6207 (2.6383)	Accuracy 0.3000 (0.4000)	
Epoch: [1][3/258]	Time 5.278 (5.171)	Loss 4.8618 (3.1942)	Accuracy 0.2000 (0.3500)	
Epoch: [1][4/258]	Time 4.587 (5.054)	Loss 3.5515 (3.2656)	Accuracy 0.6000 (0.4000)	
Epoch: [1][5/258]	Time 4.123 (4.899)	Loss 4.6025 (3.4884)	Accuracy 0.3000 (0.3833)	
Epoch: [1][6/258]	Time 4.747 (4.877)	Loss 1.0744 (3.1436)	Accuracy 0.5000 (0.4000)	
Epoch: [1][7/258]	Time 4.363 (4.813)	Loss 3.0633 (3.1336)	Accuracy 0.2000 (0.3750)	
Epoch: [1][8/258]	Time 5.014 (4.835)	Loss 2.3085 (3.0419)	Accuracy 0.3000 (0.3667)	
Epoch: [1][9/258]	Time 3.939 (4.746)	Loss 1.9124 (2.9289)	Accuracy 0.4000 (0.3700)	
Epoch: [1][10/258]	Time 4.974 (4.766)	Loss 2.2125 (2.8638)	Accuracy 0.3000 (0.3636)	
Epoch: [1][11/258]	Time 4.632 (4.755)	Loss 2.5257 (2.8356)	Accuracy 0.3000 (0.3583)	
Epoch: [1][12/258]	Time 4.397 (4.728)	Loss 2.4237 (2.8039)	Accuracy 0.1000 (0.3385)	
Epoch: [1][13/258]	Time 4.561 (4.716)	Loss 1.7452 (2.7283)	Accuracy 0.2000 (0.3286)	
Epoch: [1][14/258]	Time 4.557 (4.705)	Loss 1.4164 (2.6409)	Accuracy 0.3000 (0.3267)	
Epoch: [1][15/258]	Time 4.940 (4.720)	Loss 1.6080 (2.5763)	Accuracy 0.3000 (0.3250)	
Epoch: [1][16/258]	Time 5.552 (4.769)	Loss 2.9217 (2.5966)	Accuracy 0.6000 (0.3412)	
Epoch: [1][17/258]	Time 5.120 (4.788)	Loss 1.3584 (2.5278)	Accuracy 0.5000 (0.3500)	
Epoch: [1][18/258]	Time 4.825 (4.790)	Loss 4.2056 (2.6161)	Accuracy 0.2000 (0.3421)	
Epoch: [1][19/258]	Time 4.369 (4.769)	Loss 2.5358 (2.6121)	Accuracy 0.3000 (0.3400)	
Epoch: [1][20/258]	Time 4.904 (4.776)	Loss 1.3441 (2.5517)	Accuracy 0.2000 (0.3333)	
Epoch: [1][21/258]	Time 4.834 (4.778)	Loss 1.1916 (2.4899)	Accuracy 0.5000 (0.3409)	
Epoch: [1][22/258]	Time 4.592 (4.770)	Loss 1.0590 (2.4277)	Accuracy 0.5000 (0.3478)	
Epoch: [1][23/258]	Time 5.248 (4.790)	Loss 2.3289 (2.4236)	Accuracy 0.3000 (0.3458)	
Epoch: [1][24/258]	Time 4.165 (4.765)	Loss 2.9300 (2.4438)	Accuracy 0.3000 (0.3440)	
Epoch: [1][25/258]	Time 4.684 (4.762)	Loss 2.2301 (2.4356)	Accuracy 0.4000 (0.3462)	
Epoch: [1][26/258]	Time 5.085 (4.774)	Loss 1.4707 (2.3999)	Accuracy 0.3000 (0.3444)	
Epoch: [1][27/258]	Time 3.653 (4.734)	Loss 1.6096 (2.3717)	Accuracy 0.3000 (0.3429)	
Epoch: [1][28/258]	Time 5.051 (4.745)	Loss 1.4291 (2.3392)	Accuracy 0.2000 (0.3379)	
Epoch: [1][29/258]	Time 4.765 (4.746)	Loss 0.9481 (2.2928)	Accuracy 0.6000 (0.3467)	
Epoch: [1][30/258]	Time 4.676 (4.743)	Loss 1.2136 (2.2580)	Accuracy 0.3000 (0.3452)	
Epoch: [1][31/258]	Time 4.804 (4.745)	Loss 1.3903 (2.2309)	Accuracy 0.5000 (0.3500)	
Epoch: [1][32/258]	Time 4.728 (4.745)	Loss 1.0379 (2.1947)	Accuracy 0.3000 (0.3485)	
Epoch: [1][33/258]	Time 4.881 (4.749)	Loss 1.5291 (2.1751)	Accuracy 0.6000 (0.3559)	
Epoch: [1][34/258]	Time 5.519 (4.771)	Loss 0.9656 (2.1406)	Accuracy 0.5000 (0.3600)	
Epoch: [1][35/258]	Time 5.190 (4.782)	Loss 0.9616 (2.1078)	Accuracy 0.5000 (0.3639)	
Epoch: [1][36/258]	Time 4.520 (4.775)	Loss 1.0247 (2.0786)	Accuracy 0.4000 (0.3649)	
Epoch: [1][37/258]	Time 3.968 (4.754)	Loss 2.4400 (2.0881)	Accuracy 0.3000 (0.3632)	
Epoch: [1][38/258]	Time 5.627 (4.776)	Loss 1.7044 (2.0782)	Accuracy 0.3000 (0.3615)	
Epoch: [1][39/258]	Time 4.999 (4.782)	Loss 0.8899 (2.0485)	Accuracy 0.7000 (0.3700)	
Epoch: [1][40/258]	Time 4.935 (4.786)	Loss 2.1396 (2.0507)	Accuracy 0.0000 (0.3610)	
Epoch: [1][41/258]	Time 6.031 (4.815)	Loss 1.3973 (2.0352)	Accuracy 0.2000 (0.3571)	
Epoch: [1][42/258]	Time 4.669 (4.812)	Loss 1.0276 (2.0117)	Accuracy 0.3000 (0.3558)	
Epoch: [1][43/258]	Time 4.327 (4.801)	Loss 1.1163 (1.9914)	Accuracy 0.5000 (0.3591)	
Epoch: [1][44/258]	Time 4.506 (4.794)	Loss 1.0732 (1.9710)	Accuracy 0.4000 (0.3600)	
Epoch: [1][45/258]	Time 4.099 (4.779)	Loss 1.2760 (1.9559)	Accuracy 0.4000 (0.3609)	
Epoch: [1][46/258]	Time 5.476 (4.794)	Loss 1.6565 (1.9495)	Accuracy 0.4000 (0.3617)	
Epoch: [1][47/258]	Time 4.241 (4.783)	Loss 1.8458 (1.9474)	Accuracy 0.5000 (0.3646)	
Epoch: [1][48/258]	Time 4.043 (4.767)	Loss 1.4696 (1.9376)	Accuracy 0.4000 (0.3653)	
Epoch: [1][49/258]	Time 5.592 (4.784)	Loss 1.1701 (1.9223)	Accuracy 0.5000 (0.3680)	
Epoch: [1][50/258]	Time 3.712 (4.763)	Loss 1.3032 (1.9101)	Accuracy 0.3000 (0.3667)	
Epoch: [1][51/258]	Time 5.091 (4.769)	Loss 1.3347 (1.8990)	Accuracy 0.5000 (0.3692)	
Epoch: [1][52/258]	Time 4.206 (4.759)	Loss 1.2246 (1.8863)	Accuracy 0.4000 (0.3698)	
Epoch: [1][53/258]	Time 4.882 (4.761)	Loss 1.0536 (1.8709)	Accuracy 0.5000 (0.3722)	
Epoch: [1][54/258]	Time 5.040 (4.766)	Loss 1.1324 (1.8575)	Accuracy 0.7000 (0.3782)	
Epoch: [1][55/258]	Time 4.641 (4.764)	Loss 1.4249 (1.8497)	Accuracy 0.3000 (0.3768)	
Epoch: [1][56/258]	Time 5.047 (4.769)	Loss 0.9590 (1.8341)	Accuracy 0.5000 (0.3789)	
Epoch: [1][57/258]	Time 4.016 (4.756)	Loss 1.4548 (1.8276)	Accuracy 0.3000 (0.3776)	
Epoch: [1][58/258]	Time 4.460 (4.751)	Loss 0.8505 (1.8110)	Accuracy 0.5000 (0.3797)	
Epoch: [1][59/258]	Time 4.950 (4.754)	Loss 0.9183 (1.7961)	Accuracy 0.4000 (0.3800)	
Epoch: [1][60/258]	Time 5.651 (4.769)	Loss 1.0256 (1.7835)	Accuracy 0.4000 (0.3803)	
Epoch: [1][61/258]	Time 5.028 (4.773)	Loss 1.0633 (1.7719)	Accuracy 0.4000 (0.3806)	
Epoch: [1][62/258]	Time 5.375 (4.782)	Loss 0.7852 (1.7562)	Accuracy 0.8000 (0.3873)	
Epoch: [1][63/258]	Time 4.115 (4.772)	Loss 1.3512 (1.7499)	Accuracy 0.3000 (0.3859)	
Epoch: [1][64/258]	Time 4.835 (4.773)	Loss 1.0728 (1.7395)	Accuracy 0.6000 (0.3892)	
Epoch: [1][65/258]	Time 4.429 (4.768)	Loss 0.5788 (1.7219)	Accuracy 0.9000 (0.3970)	
Epoch: [1][66/258]	Time 4.806 (4.768)	Loss 1.6345 (1.7206)	Accuracy 0.2000 (0.3940)	
Epoch: [1][67/258]	Time 4.392 (4.763)	Loss 1.6278 (1.7192)	Accuracy 0.3000 (0.3926)	
Epoch: [1][68/258]	Time 4.689 (4.762)	Loss 1.4809 (1.7158)	Accuracy 0.3000 (0.3913)	
Epoch: [1][69/258]	Time 4.759 (4.762)	Loss 1.2135 (1.7086)	Accuracy 0.4000 (0.3914)	
Epoch: [1][70/258]	Time 4.764 (4.762)	Loss 1.2385 (1.7020)	Accuracy 0.4000 (0.3915)	
Epoch: [1][71/258]	Time 5.245 (4.768)	Loss 1.1739 (1.6946)	Accuracy 0.1000 (0.3875)	
Epoch: [1][72/258]	Time 4.897 (4.770)	Loss 1.2972 (1.6892)	Accuracy 0.3000 (0.3863)	
Epoch: [1][73/258]	Time 4.025 (4.760)	Loss 1.3761 (1.6850)	Accuracy 0.3000 (0.3851)	
Epoch: [1][74/258]	Time 4.346 (4.755)	Loss 1.3375 (1.6803)	Accuracy 0.5000 (0.3867)	
Epoch: [1][75/258]	Time 4.924 (4.757)	Loss 1.1347 (1.6732)	Accuracy 0.6000 (0.3895)	
Epoch: [1][76/258]	Time 4.132 (4.749)	Loss 0.8968 (1.6631)	Accuracy 0.6000 (0.3922)	
Epoch: [1][77/258]	Time 4.767 (4.749)	Loss 1.4351 (1.6602)	Accuracy 0.2000 (0.3897)	
Epoch: [1][78/258]	Time 3.766 (4.737)	Loss 1.1414 (1.6536)	Accuracy 0.4000 (0.3899)	
Epoch: [1][79/258]	Time 4.791 (4.737)	Loss 1.1531 (1.6473)	Accuracy 0.4000 (0.3900)	
Epoch: [1][80/258]	Time 4.457 (4.734)	Loss 1.2129 (1.6420)	Accuracy 0.2000 (0.3877)	
Epoch: [1][81/258]	Time 4.054 (4.725)	Loss 0.7090 (1.6306)	Accuracy 0.6000 (0.3902)	
Epoch: [1][82/258]	Time 3.967 (4.716)	Loss 1.2511 (1.6260)	Accuracy 0.3000 (0.3892)	
Epoch: [1][83/258]	Time 5.704 (4.728)	Loss 1.1456 (1.6203)	Accuracy 0.5000 (0.3905)	
Epoch: [1][84/258]	Time 4.282 (4.723)	Loss 1.1262 (1.6145)	Accuracy 0.3000 (0.3894)	
Epoch: [1][85/258]	Time 4.928 (4.725)	Loss 0.9245 (1.6065)	Accuracy 0.6000 (0.3919)	
Epoch: [1][86/258]	Time 4.544 (4.723)	Loss 0.7109 (1.5962)	Accuracy 0.8000 (0.3966)	
Epoch: [1][87/258]	Time 4.160 (4.717)	Loss 1.0731 (1.5902)	Accuracy 0.4000 (0.3966)	
Epoch: [1][88/258]	Time 4.647 (4.716)	Loss 1.2597 (1.5865)	Accuracy 0.5000 (0.3978)	
Epoch: [1][89/258]	Time 4.397 (4.712)	Loss 0.8512 (1.5783)	Accuracy 0.6000 (0.4000)	
Epoch: [1][90/258]	Time 4.075 (4.705)	Loss 1.5107 (1.5776)	Accuracy 0.2000 (0.3978)	
Epoch: [1][91/258]	Time 4.451 (4.703)	Loss 1.4319 (1.5760)	Accuracy 0.2000 (0.3957)	
Epoch: [1][92/258]	Time 4.217 (4.697)	Loss 1.1006 (1.5709)	Accuracy 0.5000 (0.3968)	
Epoch: [1][93/258]	Time 4.635 (4.697)	Loss 0.9571 (1.5644)	Accuracy 0.4000 (0.3968)	
Epoch: [1][94/258]	Time 4.058 (4.690)	Loss 1.0392 (1.5588)	Accuracy 0.1000 (0.3937)	
Epoch: [1][95/258]	Time 4.128 (4.684)	Loss 1.1254 (1.5543)	Accuracy 0.4000 (0.3937)	
Epoch: [1][96/258]	Time 4.727 (4.685)	Loss 1.0113 (1.5487)	Accuracy 0.4000 (0.3938)	
Epoch: [1][97/258]	Time 4.397 (4.682)	Loss 1.1509 (1.5447)	Accuracy 0.3000 (0.3929)	
Epoch: [1][98/258]	Time 5.381 (4.689)	Loss 1.1943 (1.5411)	Accuracy 0.3000 (0.3919)	
Epoch: [1][99/258]	Time 4.217 (4.684)	Loss 1.0679 (1.5364)	Accuracy 0.5000 (0.3930)	
Epoch: [1][100/258]	Time 4.624 (4.683)	Loss 1.0358 (1.5314)	Accuracy 0.5000 (0.3941)	
Epoch: [1][101/258]	Time 4.047 (4.677)	Loss 0.9226 (1.5255)	Accuracy 0.7000 (0.3971)	
Epoch: [1][102/258]	Time 4.406 (4.675)	Loss 1.0120 (1.5205)	Accuracy 0.5000 (0.3981)	
Epoch: [1][103/258]	Time 4.280 (4.671)	Loss 1.5677 (1.5209)	Accuracy 0.2000 (0.3962)	
Epoch: [1][104/258]	Time 5.881 (4.682)	Loss 1.5123 (1.5209)	Accuracy 0.1000 (0.3933)	
Epoch: [1][105/258]	Time 4.097 (4.677)	Loss 1.0188 (1.5161)	Accuracy 0.5000 (0.3943)	
Epoch: [1][106/258]	Time 4.768 (4.678)	Loss 1.0531 (1.5118)	Accuracy 0.4000 (0.3944)	
Epoch: [1][107/258]	Time 4.557 (4.677)	Loss 0.9051 (1.5062)	Accuracy 0.6000 (0.3963)	
Epoch: [1][108/258]	Time 4.489 (4.675)	Loss 1.2260 (1.5036)	Accuracy 0.4000 (0.3963)	
Epoch: [1][109/258]	Time 4.093 (4.670)	Loss 1.2007 (1.5009)	Accuracy 0.4000 (0.3964)	
Epoch: [1][110/258]	Time 4.793 (4.671)	Loss 1.3777 (1.4997)	Accuracy 0.3000 (0.3955)	
Epoch: [1][111/258]	Time 4.858 (4.672)	Loss 0.9032 (1.4944)	Accuracy 0.5000 (0.3964)	
Epoch: [1][112/258]	Time 3.955 (4.666)	Loss 1.1405 (1.4913)	Accuracy 0.4000 (0.3965)	
Epoch: [1][113/258]	Time 4.582 (4.665)	Loss 1.1190 (1.4880)	Accuracy 0.4000 (0.3965)	
Epoch: [1][114/258]	Time 4.526 (4.664)	Loss 0.8103 (1.4821)	Accuracy 0.8000 (0.4000)	
Epoch: [1][115/258]	Time 4.669 (4.664)	Loss 1.3225 (1.4808)	Accuracy 0.2000 (0.3983)	
Epoch: [1][116/258]	Time 4.751 (4.665)	Loss 1.1428 (1.4779)	Accuracy 0.5000 (0.3991)	
Epoch: [1][117/258]	Time 4.334 (4.662)	Loss 1.2370 (1.4758)	Accuracy 0.2000 (0.3975)	
Epoch: [1][118/258]	Time 4.089 (4.657)	Loss 1.1099 (1.4727)	Accuracy 0.3000 (0.3966)	
Epoch: [1][119/258]	Time 4.196 (4.653)	Loss 1.1421 (1.4700)	Accuracy 0.5000 (0.3975)	
Epoch: [1][120/258]	Time 4.742 (4.654)	Loss 1.2288 (1.4680)	Accuracy 0.2000 (0.3959)	
Epoch: [1][121/258]	Time 5.623 (4.662)	Loss 0.9443 (1.4637)	Accuracy 0.5000 (0.3967)	
Epoch: [1][122/258]	Time 4.364 (4.660)	Loss 1.1177 (1.4609)	Accuracy 0.4000 (0.3967)	
Epoch: [1][123/258]	Time 4.545 (4.659)	Loss 1.0756 (1.4578)	Accuracy 0.2000 (0.3952)	
Epoch: [1][124/258]	Time 5.117 (4.662)	Loss 1.2466 (1.4561)	Accuracy 0.2000 (0.3936)	
Epoch: [1][125/258]	Time 4.113 (4.658)	Loss 1.1643 (1.4538)	Accuracy 0.3000 (0.3929)	
Epoch: [1][126/258]	Time 4.671 (4.658)	Loss 1.0985 (1.4510)	Accuracy 0.2000 (0.3913)	
Epoch: [1][127/258]	Time 3.882 (4.652)	Loss 1.0764 (1.4481)	Accuracy 0.5000 (0.3922)	
Epoch: [1][128/258]	Time 3.961 (4.647)	Loss 1.0893 (1.4453)	Accuracy 0.3000 (0.3915)	
Epoch: [1][129/258]	Time 4.453 (4.645)	Loss 1.0684 (1.4424)	Accuracy 0.2000 (0.3900)	
Epoch: [1][130/258]	Time 4.928 (4.647)	Loss 1.1301 (1.4400)	Accuracy 0.2000 (0.3885)	
Epoch: [1][131/258]	Time 5.086 (4.651)	Loss 1.3064 (1.4390)	Accuracy 0.0000 (0.3856)	
Epoch: [1][132/258]	Time 4.386 (4.649)	Loss 1.2264 (1.4374)	Accuracy 0.4000 (0.3857)	
Epoch: [1][133/258]	Time 4.194 (4.645)	Loss 1.1742 (1.4354)	Accuracy 0.2000 (0.3843)	
Epoch: [1][134/258]	Time 4.950 (4.648)	Loss 1.0752 (1.4328)	Accuracy 0.4000 (0.3844)	
Epoch: [1][135/258]	Time 5.250 (4.652)	Loss 1.1572 (1.4307)	Accuracy 0.1000 (0.3824)	
Epoch: [1][136/258]	Time 3.721 (4.645)	Loss 1.1946 (1.4290)	Accuracy 0.1000 (0.3803)	
Epoch: [1][137/258]	Time 4.310 (4.643)	Loss 1.0556 (1.4263)	Accuracy 0.3000 (0.3797)	
Epoch: [1][138/258]	Time 4.344 (4.641)	Loss 1.0009 (1.4232)	Accuracy 0.5000 (0.3806)	
Epoch: [1][139/258]	Time 6.106 (4.651)	Loss 1.1529 (1.4213)	Accuracy 0.6000 (0.3821)	
Epoch: [1][140/258]	Time 4.977 (4.653)	Loss 1.4297 (1.4214)	Accuracy 0.2000 (0.3809)	
Epoch: [1][141/258]	Time 4.563 (4.653)	Loss 1.0338 (1.4186)	Accuracy 0.5000 (0.3817)	
Epoch: [1][142/258]	Time 3.446 (4.644)	Loss 0.9780 (1.4156)	Accuracy 0.5000 (0.3825)	
Epoch: [1][143/258]	Time 6.088 (4.654)	Loss 1.0839 (1.4132)	Accuracy 0.3000 (0.3819)	
Epoch: [1][144/258]	Time 4.368 (4.652)	Loss 0.8122 (1.4091)	Accuracy 0.8000 (0.3848)	
Epoch: [1][145/258]	Time 4.912 (4.654)	Loss 1.2219 (1.4078)	Accuracy 0.1000 (0.3829)	
Epoch: [1][146/258]	Time 4.206 (4.651)	Loss 0.8728 (1.4042)	Accuracy 0.6000 (0.3844)	
Epoch: [1][147/258]	Time 4.902 (4.653)	Loss 1.5459 (1.4051)	Accuracy 0.4000 (0.3845)	
Epoch: [1][148/258]	Time 3.999 (4.648)	Loss 1.1089 (1.4032)	Accuracy 0.4000 (0.3846)	
Epoch: [1][149/258]	Time 4.307 (4.646)	Loss 1.1143 (1.4012)	Accuracy 0.6000 (0.3860)	
Epoch: [1][150/258]	Time 3.831 (4.641)	Loss 1.3796 (1.4011)	Accuracy 0.4000 (0.3861)	
Epoch: [1][151/258]	Time 3.762 (4.635)	Loss 1.2142 (1.3999)	Accuracy 0.5000 (0.3868)	
Epoch: [1][152/258]	Time 4.597 (4.635)	Loss 0.8454 (1.3962)	Accuracy 0.5000 (0.3876)	
Epoch: [1][153/258]	Time 4.054 (4.631)	Loss 1.0045 (1.3937)	Accuracy 0.5000 (0.3883)	
Epoch: [1][154/258]	Time 4.684 (4.631)	Loss 0.9134 (1.3906)	Accuracy 0.5000 (0.3890)	
Epoch: [1][155/258]	Time 4.798 (4.632)	Loss 1.0858 (1.3886)	Accuracy 0.3000 (0.3885)	
Epoch: [1][156/258]	Time 4.274 (4.630)	Loss 1.1938 (1.3874)	Accuracy 0.5000 (0.3892)	
Epoch: [1][157/258]	Time 3.889 (4.625)	Loss 1.0641 (1.3853)	Accuracy 0.3000 (0.3886)	
Epoch: [1][158/258]	Time 4.274 (4.623)	Loss 1.1383 (1.3838)	Accuracy 0.3000 (0.3881)	
Epoch: [1][159/258]	Time 4.300 (4.621)	Loss 1.3101 (1.3833)	Accuracy 0.4000 (0.3881)	
Epoch: [1][160/258]	Time 4.960 (4.623)	Loss 1.1491 (1.3819)	Accuracy 0.4000 (0.3882)	
Epoch: [1][161/258]	Time 4.797 (4.624)	Loss 1.1295 (1.3803)	Accuracy 0.3000 (0.3877)	
Epoch: [1][162/258]	Time 3.633 (4.618)	Loss 1.1311 (1.3788)	Accuracy 0.5000 (0.3883)	
Epoch: [1][163/258]	Time 4.846 (4.620)	Loss 0.9608 (1.3762)	Accuracy 0.7000 (0.3902)	
Epoch: [1][164/258]	Time 4.929 (4.621)	Loss 0.9401 (1.3736)	Accuracy 0.6000 (0.3915)	
Epoch: [1][165/258]	Time 5.049 (4.624)	Loss 0.9238 (1.3709)	Accuracy 0.6000 (0.3928)	
Epoch: [1][166/258]	Time 3.541 (4.618)	Loss 1.1975 (1.3699)	Accuracy 0.5000 (0.3934)	
Epoch: [1][167/258]	Time 4.683 (4.618)	Loss 0.9736 (1.3675)	Accuracy 0.5000 (0.3940)	
Epoch: [1][168/258]	Time 4.877 (4.619)	Loss 1.0022 (1.3653)	Accuracy 0.6000 (0.3953)	
Epoch: [1][169/258]	Time 4.094 (4.616)	Loss 1.0704 (1.3636)	Accuracy 0.4000 (0.3953)	
Epoch: [1][170/258]	Time 4.983 (4.619)	Loss 0.9943 (1.3614)	Accuracy 0.5000 (0.3959)	
Epoch: [1][171/258]	Time 4.435 (4.617)	Loss 1.1061 (1.3600)	Accuracy 0.5000 (0.3965)	
Epoch: [1][172/258]	Time 4.596 (4.617)	Loss 1.2899 (1.3595)	Accuracy 0.2000 (0.3954)	
Epoch: [1][173/258]	Time 4.416 (4.616)	Loss 1.2574 (1.3590)	Accuracy 0.4000 (0.3954)	
Epoch: [1][174/258]	Time 3.778 (4.611)	Loss 1.3738 (1.3590)	Accuracy 0.3000 (0.3949)	
Epoch: [1][175/258]	Time 4.579 (4.611)	Loss 1.1420 (1.3578)	Accuracy 0.4000 (0.3949)	
Epoch: [1][176/258]	Time 4.957 (4.613)	Loss 1.0018 (1.3558)	Accuracy 0.4000 (0.3949)	
Epoch: [1][177/258]	Time 3.869 (4.609)	Loss 0.9334 (1.3534)	Accuracy 0.6000 (0.3961)	
Epoch: [1][178/258]	Time 4.202 (4.607)	Loss 0.9315 (1.3511)	Accuracy 0.6000 (0.3972)	
Epoch: [1][179/258]	Time 4.287 (4.605)	Loss 0.9666 (1.3489)	Accuracy 0.5000 (0.3978)	
Epoch: [1][180/258]	Time 5.542 (4.610)	Loss 1.0186 (1.3471)	Accuracy 0.4000 (0.3978)	
Epoch: [1][181/258]	Time 4.337 (4.609)	Loss 0.8710 (1.3445)	Accuracy 0.8000 (0.4000)	
Epoch: [1][182/258]	Time 3.438 (4.602)	Loss 0.9460 (1.3423)	Accuracy 0.6000 (0.4011)	
Epoch: [1][183/258]	Time 4.378 (4.601)	Loss 1.0407 (1.3407)	Accuracy 0.8000 (0.4033)	
Epoch: [1][184/258]	Time 4.252 (4.599)	Loss 1.0914 (1.3393)	Accuracy 0.4000 (0.4032)	
Epoch: [1][185/258]	Time 4.667 (4.599)	Loss 1.0606 (1.3378)	Accuracy 0.4000 (0.4032)	
Epoch: [1][186/258]	Time 4.671 (4.600)	Loss 0.9909 (1.3360)	Accuracy 0.5000 (0.4037)	
Epoch: [1][187/258]	Time 4.014 (4.597)	Loss 0.8608 (1.3334)	Accuracy 0.6000 (0.4048)	
Epoch: [1][188/258]	Time 4.082 (4.594)	Loss 1.2466 (1.3330)	Accuracy 0.3000 (0.4042)	
Epoch: [1][189/258]	Time 5.108 (4.597)	Loss 0.9215 (1.3308)	Accuracy 0.3000 (0.4037)	
Epoch: [1][190/258]	Time 3.898 (4.593)	Loss 0.9993 (1.3291)	Accuracy 0.8000 (0.4058)	
Epoch: [1][191/258]	Time 4.489 (4.593)	Loss 1.2046 (1.3284)	Accuracy 0.5000 (0.4062)	
Epoch: [1][192/258]	Time 4.299 (4.591)	Loss 1.4730 (1.3292)	Accuracy 0.4000 (0.4062)	
Epoch: [1][193/258]	Time 4.836 (4.592)	Loss 1.0021 (1.3275)	Accuracy 0.3000 (0.4057)	
Epoch: [1][194/258]	Time 3.914 (4.589)	Loss 1.1636 (1.3267)	Accuracy 0.3000 (0.4051)	
Epoch: [1][195/258]	Time 4.833 (4.590)	Loss 0.9208 (1.3246)	Accuracy 0.5000 (0.4056)	
Epoch: [1][196/258]	Time 4.597 (4.590)	Loss 1.0157 (1.3230)	Accuracy 0.4000 (0.4056)	
Epoch: [1][197/258]	Time 2.905 (4.582)	Loss 1.0993 (1.3219)	Accuracy 0.2000 (0.4045)	
Epoch: [1][198/258]	Time 4.627 (4.582)	Loss 1.0142 (1.3203)	Accuracy 0.5000 (0.4050)	
Epoch: [1][199/258]	Time 3.533 (4.577)	Loss 1.1431 (1.3195)	Accuracy 0.1000 (0.4035)	
Epoch: [1][200/258]	Time 4.945 (4.578)	Loss 1.0328 (1.3180)	Accuracy 0.2000 (0.4025)	
Epoch: [1][201/258]	Time 3.853 (4.575)	Loss 1.0540 (1.3167)	Accuracy 0.4000 (0.4025)	
Epoch: [1][202/258]	Time 4.698 (4.575)	Loss 1.1376 (1.3158)	Accuracy 0.2000 (0.4015)	
Epoch: [1][203/258]	Time 5.124 (4.578)	Loss 1.0947 (1.3148)	Accuracy 0.3000 (0.4010)	
Epoch: [1][204/258]	Time 4.450 (4.577)	Loss 1.0028 (1.3132)	Accuracy 0.5000 (0.4015)	
Epoch: [1][205/258]	Time 4.554 (4.577)	Loss 1.0341 (1.3119)	Accuracy 0.6000 (0.4024)	
Epoch: [1][206/258]	Time 3.799 (4.574)	Loss 0.9977 (1.3104)	Accuracy 0.2000 (0.4014)	
Epoch: [1][207/258]	Time 5.086 (4.576)	Loss 1.0064 (1.3089)	Accuracy 0.6000 (0.4024)	
Epoch: [1][208/258]	Time 4.266 (4.575)	Loss 0.9461 (1.3072)	Accuracy 0.5000 (0.4029)	
Epoch: [1][209/258]	Time 4.268 (4.573)	Loss 1.0715 (1.3060)	Accuracy 0.6000 (0.4038)	
Epoch: [1][210/258]	Time 4.287 (4.572)	Loss 1.0053 (1.3046)	Accuracy 0.5000 (0.4043)	
Epoch: [1][211/258]	Time 4.155 (4.570)	Loss 1.2531 (1.3044)	Accuracy 0.4000 (0.4042)	
Epoch: [1][212/258]	Time 5.117 (4.572)	Loss 1.1093 (1.3035)	Accuracy 0.4000 (0.4042)	
Epoch: [1][213/258]	Time 3.878 (4.569)	Loss 1.3017 (1.3035)	Accuracy 0.4000 (0.4042)	
Epoch: [1][214/258]	Time 3.844 (4.566)	Loss 1.0423 (1.3022)	Accuracy 0.5000 (0.4047)	
Epoch: [1][215/258]	Time 4.127 (4.564)	Loss 1.1315 (1.3014)	Accuracy 0.4000 (0.4046)	
Epoch: [1][216/258]	Time 4.376 (4.563)	Loss 1.1299 (1.3007)	Accuracy 0.3000 (0.4041)	
Epoch: [1][217/258]	Time 4.414 (4.562)	Loss 1.0976 (1.2997)	Accuracy 0.3000 (0.4037)	
Epoch: [1][218/258]	Time 3.739 (4.558)	Loss 1.0705 (1.2987)	Accuracy 0.3000 (0.4032)	
Epoch: [1][219/258]	Time 4.713 (4.559)	Loss 1.0486 (1.2975)	Accuracy 0.7000 (0.4045)	
Epoch: [1][220/258]	Time 4.111 (4.557)	Loss 1.1157 (1.2967)	Accuracy 0.2000 (0.4036)	
Epoch: [1][221/258]	Time 4.904 (4.559)	Loss 1.2033 (1.2963)	Accuracy 0.3000 (0.4032)	
Epoch: [1][222/258]	Time 5.122 (4.561)	Loss 1.2133 (1.2959)	Accuracy 0.2000 (0.4022)	
Epoch: [1][223/258]	Time 4.138 (4.559)	Loss 0.9835 (1.2945)	Accuracy 0.6000 (0.4031)	
Epoch: [1][224/258]	Time 4.445 (4.559)	Loss 1.0310 (1.2934)	Accuracy 0.4000 (0.4031)	
Epoch: [1][225/258]	Time 4.741 (4.560)	Loss 1.1008 (1.2925)	Accuracy 0.4000 (0.4031)	
Epoch: [1][226/258]	Time 4.518 (4.559)	Loss 1.0708 (1.2915)	Accuracy 0.4000 (0.4031)	
Epoch: [1][227/258]	Time 4.024 (4.557)	Loss 1.0247 (1.2904)	Accuracy 0.3000 (0.4026)	
Epoch: [1][228/258]	Time 4.662 (4.558)	Loss 0.9164 (1.2887)	Accuracy 0.4000 (0.4026)	
Epoch: [1][229/258]	Time 4.348 (4.557)	Loss 1.0967 (1.2879)	Accuracy 0.5000 (0.4030)	
Epoch: [1][230/258]	Time 4.569 (4.557)	Loss 1.0409 (1.2868)	Accuracy 0.5000 (0.4035)	
Epoch: [1][231/258]	Time 4.090 (4.555)	Loss 1.1881 (1.2864)	Accuracy 0.5000 (0.4039)	
Epoch: [1][232/258]	Time 4.720 (4.555)	Loss 1.0007 (1.2852)	Accuracy 0.2000 (0.4030)	
Epoch: [1][233/258]	Time 5.081 (4.558)	Loss 1.1866 (1.2848)	Accuracy 0.2000 (0.4021)	
Epoch: [1][234/258]	Time 5.152 (4.560)	Loss 0.7662 (1.2825)	Accuracy 0.7000 (0.4034)	
Epoch: [1][235/258]	Time 3.291 (4.555)	Loss 1.1749 (1.2821)	Accuracy 0.4000 (0.4034)	
Epoch: [1][236/258]	Time 4.479 (4.554)	Loss 1.0279 (1.2810)	Accuracy 0.3000 (0.4030)	
Epoch: [1][237/258]	Time 4.394 (4.554)	Loss 1.0063 (1.2799)	Accuracy 0.3000 (0.4025)	
Epoch: [1][238/258]	Time 3.878 (4.551)	Loss 1.0186 (1.2788)	Accuracy 0.6000 (0.4033)	
Epoch: [1][239/258]	Time 4.625 (4.551)	Loss 1.0724 (1.2779)	Accuracy 0.3000 (0.4029)	
Epoch: [1][240/258]	Time 3.516 (4.547)	Loss 1.0540 (1.2770)	Accuracy 0.4000 (0.4029)	
Epoch: [1][241/258]	Time 4.112 (4.545)	Loss 1.1399 (1.2764)	Accuracy 0.5000 (0.4033)	
Epoch: [1][242/258]	Time 4.585 (4.545)	Loss 0.9573 (1.2751)	Accuracy 0.4000 (0.4033)	
Epoch: [1][243/258]	Time 4.898 (4.547)	Loss 0.8401 (1.2733)	Accuracy 0.5000 (0.4037)	
Epoch: [1][244/258]	Time 4.955 (4.548)	Loss 1.0242 (1.2723)	Accuracy 0.5000 (0.4041)	
Epoch: [1][245/258]	Time 4.604 (4.549)	Loss 0.9456 (1.2710)	Accuracy 0.3000 (0.4037)	
Epoch: [1][246/258]	Time 5.360 (4.552)	Loss 1.0162 (1.2699)	Accuracy 0.3000 (0.4032)	
Epoch: [1][247/258]	Time 4.586 (4.552)	Loss 0.9085 (1.2685)	Accuracy 0.7000 (0.4044)	
Epoch: [1][248/258]	Time 3.935 (4.550)	Loss 0.9858 (1.2673)	Accuracy 0.3000 (0.4040)	
Epoch: [1][249/258]	Time 4.918 (4.551)	Loss 1.1246 (1.2668)	Accuracy 0.4000 (0.4040)	
Epoch: [1][250/258]	Time 4.193 (4.550)	Loss 0.8954 (1.2653)	Accuracy 0.6000 (0.4048)	
Epoch: [1][251/258]	Time 4.818 (4.551)	Loss 1.0384 (1.2644)	Accuracy 0.4000 (0.4048)	
Epoch: [1][252/258]	Time 5.393 (4.554)	Loss 1.2472 (1.2643)	Accuracy 0.4000 (0.4047)	
Epoch: [1][253/258]	Time 3.234 (4.549)	Loss 0.9991 (1.2633)	Accuracy 0.4000 (0.4047)	
Epoch: [1][254/258]	Time 4.333 (4.548)	Loss 0.8914 (1.2618)	Accuracy 0.6000 (0.4055)	
Epoch: [1][255/258]	Time 3.609 (4.544)	Loss 1.2810 (1.2619)	Accuracy 0.4000 (0.4055)	
Epoch: [1][256/258]	Time 5.059 (4.546)	Loss 0.7893 (1.2601)	Accuracy 0.5000 (0.4058)	
Epoch: [1][257/258]	Time 3.596 (4.543)	Loss 0.8143 (1.2589)	Accuracy 0.5714 (0.4063)	
Validation: [0/29]	Time 4.480 (4.480)	Loss 2.1432 (2.1432)	Acc 0.100 (0.100)
Validation: [1/29]	Time 4.508 (4.494)	Loss 1.3712 (1.7572)	Acc 0.200 (0.150)
Validation: [2/29]	Time 4.013 (4.334)	Loss 1.3450 (1.6198)	Acc 0.300 (0.200)
Validation: [3/29]	Time 4.432 (4.358)	Loss 1.2616 (1.5302)	Acc 0.300 (0.225)
Validation: [4/29]	Time 4.565 (4.400)	Loss 1.2614 (1.4765)	Acc 0.300 (0.240)
Validation: [5/29]	Time 4.415 (4.402)	Loss 1.2030 (1.4309)	Acc 0.200 (0.233)
Validation: [6/29]	Time 5.349 (4.537)	Loss 1.0537 (1.3770)	Acc 0.200 (0.229)
Validation: [7/29]	Time 4.726 (4.561)	Loss 2.1374 (1.4721)	Acc 0.400 (0.250)
Validation: [8/29]	Time 4.769 (4.584)	Loss 3.1305 (1.6563)	Acc 0.300 (0.256)
Validation: [9/29]	Time 4.612 (4.587)	Loss 1.2034 (1.6110)	Acc 0.200 (0.250)
Validation: [10/29]	Time 4.577 (4.586)	Loss 1.0605 (1.5610)	Acc 0.300 (0.255)
Validation: [11/29]	Time 4.426 (4.573)	Loss 1.3972 (1.5473)	Acc 0.100 (0.242)
Validation: [12/29]	Time 4.184 (4.543)	Loss 1.2930 (1.5278)	Acc 0.200 (0.238)
Validation: [13/29]	Time 3.354 (4.458)	Loss 1.4939 (1.5254)	Acc 0.000 (0.221)
Validation: [14/29]	Time 4.030 (4.429)	Loss 1.4253 (1.5187)	Acc 0.200 (0.220)
Validation: [15/29]	Time 3.896 (4.396)	Loss 1.4556 (1.5147)	Acc 0.200 (0.219)
Validation: [16/29]	Time 4.310 (4.391)	Loss 1.4542 (1.5112)	Acc 0.200 (0.218)
Validation: [17/29]	Time 4.121 (4.376)	Loss 1.0703 (1.4867)	Acc 0.100 (0.211)
Validation: [18/29]	Time 4.240 (4.369)	Loss 1.1774 (1.4704)	Acc 0.300 (0.216)
Validation: [19/29]	Time 3.526 (4.327)	Loss 1.3115 (1.4625)	Acc 0.300 (0.220)
Validation: [20/29]	Time 3.757 (4.299)	Loss 0.9799 (1.4395)	Acc 0.500 (0.233)
Validation: [21/29]	Time 4.244 (4.297)	Loss 1.0196 (1.4204)	Acc 0.300 (0.236)
Validation: [22/29]	Time 3.871 (4.278)	Loss 3.4891 (1.5103)	Acc 0.300 (0.239)
Validation: [23/29]	Time 3.978 (4.266)	Loss 1.3110 (1.5020)	Acc 0.100 (0.233)
Validation: [24/29]	Time 4.695 (4.283)	Loss 1.1395 (1.4875)	Acc 0.400 (0.240)
Validation: [25/29]	Time 4.234 (4.281)	Loss 1.2563 (1.4786)	Acc 0.300 (0.242)
Validation: [26/29]	Time 4.175 (4.277)	Loss 1.4755 (1.4785)	Acc 0.100 (0.237)
Validation: [27/29]	Time 3.703 (4.257)	Loss 1.3242 (1.4730)	Acc 0.500 (0.246)
Validation: [28/29]	Time 2.692 (4.203)	Loss 7.2307 (1.6134)	Acc 0.000 (0.240)
 * Acc 0.240
